<?xml version="1.0" encoding="UTF-8"?>
<!-- Generated by org.testng.reporters.JUnitXMLReporter -->
<testsuite hostname="ahm-l-amitg" failures="0" tests="4" name="Test" time="0.052" errors="0" timestamp="25 Mar 2022 18:07:15 GMT">
  <testcase classname="com.inetbanking.group.NewTest1TestTest" name="test2" time="0.014"/>
  <testcase classname="com.inetbanking.group.NewTest1TestTest" name="test3" time="0.002"/>
  <testcase classname="com.inetbanking.group.NewTest1TestTest" name="test4" time="0.002"/>
  <testcase classname="com.inetbanking.group.NewTest1TestTest" name="test5" time="0.003"/>
</testsuite> <!-- Test -->
