<?xml version="1.0" encoding="UTF-8"?>
<testng-results total="0" passed="0" failed="0" skipped="0">
  <reporter-output>
  </reporter-output>
  <suite started-at="2022-03-20T07:48:21Z" name="com.inetbanking.testCases.ListenerTest" finished-at="2022-03-20T07:48:21Z" duration-ms="4">
    <groups>
    </groups>
    <test started-at="2022-03-20T07:48:21Z" name="Command line test" finished-at="2022-03-20T07:48:21Z" duration-ms="4">
    </test> <!-- Command line test -->
  </suite> <!-- com.inetbanking.testCases.ListenerTest -->
</testng-results>
