<?xml version="1.0" encoding="UTF-8"?>
<testng-results total="1" passed="1" failed="0" skipped="0">
  <reporter-output>
  </reporter-output>
  <suite started-at="2022-03-20T11:58:12Z" name="Default suite" finished-at="2022-03-20T11:58:31Z" duration-ms="18882">
    <groups>
    </groups>
    <test started-at="2022-03-20T11:58:12Z" name="Default test" finished-at="2022-03-20T11:58:31Z" duration-ms="18882">
      <class name="com.inetbanking.testCases.ExtentHtmlReporterDemo">
        <test-method is-config="true" signature="setup()[pri:0, instance:com.inetbanking.testCases.ExtentHtmlReporterDemo@25ce9dc4]" started-at="2022-03-20T17:28:12Z" name="setup" finished-at="2022-03-20T17:28:16Z" duration-ms="3595" status="PASS">
          <reporter-output>
          </reporter-output>
        </test-method> <!-- setup -->
        <test-method signature="HtlmReport()[pri:0, instance:com.inetbanking.testCases.ExtentHtmlReporterDemo@25ce9dc4]" started-at="2022-03-20T17:28:16Z" name="HtlmReport" finished-at="2022-03-20T17:28:31Z" duration-ms="15245" status="PASS">
          <reporter-output>
          </reporter-output>
        </test-method> <!-- HtlmReport -->
        <test-method is-config="true" signature="tearDown()[pri:0, instance:com.inetbanking.testCases.ExtentHtmlReporterDemo@25ce9dc4]" started-at="2022-03-20T17:28:31Z" name="tearDown" finished-at="2022-03-20T17:28:31Z" duration-ms="1" status="PASS">
          <reporter-output>
          </reporter-output>
        </test-method> <!-- tearDown -->
      </class> <!-- com.inetbanking.testCases.ExtentHtmlReporterDemo -->
    </test> <!-- Default test -->
  </suite> <!-- Default suite -->
</testng-results>
