<?xml version="1.0" encoding="UTF-8"?>
<!-- Generated by org.testng.reporters.JUnitXMLReporter -->
<testsuite hostname="ahm-l-amitg" failures="0" tests="4" name="Test" time="0.116" errors="0" timestamp="30 Mar 2022 03:25:15 GMT">
  <testcase classname="com.inetbanking.testCases.DependentGroup" name="test3" time="0.032"/>
  <testcase classname="com.inetbanking.testCases.DependentGroup" name="test4" time="0.005"/>
  <testcase classname="com.inetbanking.testCases.DependentGroup" name="test1" time="0.012"/>
  <testcase classname="com.inetbanking.testCases.DependentGroup" name="test2" time="0.002"/>
</testsuite> <!-- Test -->
